2025-09-02 11:54:23,673 - INFO - Navigating to e-commerce site...
2025-09-02 11:54:29,581 - INFO - Attempting login...
2025-09-02 11:54:33,875 - INFO - Login successful!
2025-09-02 11:54:33,875 - INFO - Searching for a product...
2025-09-02 11:55:03,884 - ERROR - Error during automation: Page.fill: Timeout 30000ms exceeded.
Call log:
  - waiting for locator("input#search_product")

2025-09-02 11:55:20,484 - INFO - Navigating to e-commerce site...
2025-09-02 11:55:20,724 - ERROR - Error during automation: Page.goto: net::ERR_CERT_AUTHORITY_INVALID at https://automationexercise.com/
Call log:
  - navigating to "https://automationexercise.com/", waiting until "load"

2025-09-02 11:56:32,788 - INFO - Navigating to e-commerce site...
2025-09-02 11:56:32,815 - ERROR - Error during automation: Page.goto: net::ERR_CERT_AUTHORITY_INVALID at https://automationexercise.com/
Call log:
  - navigating to "https://automationexercise.com/", waiting until "load"

2025-09-02 11:57:54,979 - INFO - Navigating to e-commerce site...
2025-09-02 11:57:58,076 - INFO - Attempting login...
2025-09-02 11:58:02,702 - INFO - Login successful!
2025-09-02 11:58:02,702 - INFO - Searching for a product...
2025-09-02 11:58:32,717 - ERROR - Error during automation: Page.fill: Timeout 30000ms exceeded.
Call log:
  - waiting for locator("input#search_product")

2025-09-02 11:59:38,945 - INFO - Navigating to e-commerce site...
2025-09-02 11:59:42,397 - INFO - Attempting login...
2025-09-02 11:59:45,900 - INFO - Login successful!
2025-09-02 11:59:45,900 - INFO - Searching for a product...
2025-09-02 12:00:12,191 - ERROR - Error during automation: Page.fill: Target page, context or browser has been closed
Call log:
  - waiting for locator("input#search_product")

2025-09-02 12:16:38,232 - INFO - Navigating to e-commerce site...
2025-09-02 12:16:41,661 - INFO - Filling in account details...
2025-09-02 12:17:11,228 - ERROR - Error during automation: Page.click: Target page, context or browser has been closed
Call log:
  - waiting for locator("input[id='id_gender1']")
    - waiting for" https://automationexercise.com/view_cart" navigation to finish...
    - navigated to "https://automationexercise.com/view_cart"
    - waiting for" https://automationexercise.com/" navigation to finish...
    - navigated to "https://automationexercise.com/"

2025-09-02 12:21:36,907 - INFO - Navigating to e-commerce site...
2025-09-02 12:21:40,317 - INFO - Filling in account details...
2025-09-02 12:26:18,186 - INFO - Navigating to e-commerce site...
2025-09-02 12:26:21,669 - INFO - Filling in account details...
2025-09-02 12:31:00,314 - INFO - Navigating to e-commerce site...
2025-09-02 12:31:03,699 - INFO - Waiting for account details form...
2025-09-02 12:31:13,707 - ERROR - Failed to fill account details: Page.wait_for_selector: Timeout 10000ms exceeded.
Call log:
  - waiting for locator("input[id='id_gender1']") to be visible

2025-09-02 12:31:30,298 - INFO - Navigating to e-commerce site...
2025-09-02 12:31:34,017 - INFO - Waiting for account details form...
2025-09-02 12:31:44,029 - ERROR - Failed to fill account details: Page.wait_for_selector: Timeout 10000ms exceeded.
Call log:
  - waiting for locator("input[id='id_gender1']") to be visible

2025-09-02 12:32:36,800 - INFO - Opening e-commerce site...
2025-09-02 12:32:42,992 - INFO - Navigating to Signup/Login page...
2025-09-02 12:32:43,750 - INFO - Signing up with username=testuser_9252, email=testuser_9252@example.com...
2025-09-02 12:32:44,156 - INFO - Filling in account details...
2025-09-02 12:32:45,083 - INFO - Account successfully created!
2025-09-02 12:32:45,524 - INFO - Searching for an item...
2025-09-02 12:41:03,263 - INFO - Opening e-commerce site...
2025-09-02 12:41:07,562 - INFO - Navigating to Signup/Login page...
2025-09-02 12:41:07,942 - INFO - Signing up with username=testuser_2554, email=testuser_2554@example.com...
2025-09-02 12:41:08,350 - INFO - Filling in account details...
2025-09-02 12:41:09,377 - INFO - Account successfully created!
2025-09-02 12:41:09,377 - INFO - Searching for an item...
2025-09-02 12:41:12,667 - INFO - Search completed successfully!
